<?xml version="1.0" encoding="UTF-8"?>
<!-- Generated by org.testng.reporters.JUnitReportReporter -->
<testsuite skipped="0" hostname="Suhass-MacBook-Air.local" name="com.BDD.Runner.CucumberRunner" tests="1" failures="0" timestamp="2021-06-11T19:56:43 IST" time="4.176" errors="1">
  <testcase name="feature" time="4.176" classname="com.BDD.Runner.CucumberRunner">
    <error type="cucumber.runtime.CucumberException" message="org.openqa.selenium.SessionNotCreatedException: session not created: This version of ChromeDriver only supports Chrome version 87
Current browser version is 91.0.4472.77 with binary path /Applications/Google Chrome.app/Contents/MacOS/Google Chrome
Build info: version: &#039;3.141.59&#039;, revision: &#039;e82be7d358&#039;, time: &#039;2018-11-14T08:17:03&#039;
System info: host: &#039;Suhass-MacBook-Air.local&#039;, ip: &#039;fe80:0:0:0:102d:a6f9:a22f:2dd6%en0&#039;, os.name: &#039;Mac OS X&#039;, os.arch: &#039;x86_64&#039;, os.version: &#039;10.15.3&#039;, java.version: &#039;1.8.0_202&#039;
Driver info: driver.version: ChromeDriver
remote stacktrace: 0   chromedriver                        0x0000000102926d79 chromedriver + 2510201
1   chromedriver                        0x0000000102f93743 chromedriver + 9246531
2   chromedriver                        0x0000000102761623 chromedriver + 652835
3   chromedriver                        0x00000001026dabd7 chromedriver + 101335
4   chromedriver                        0x00000001026d6d87 chromedriver + 85383
5   chromedriver                        0x00000001026d3f8f chromedriver + 73615
6   chromedriver                        0x0000000102708b44 chromedriver + 289604
7   chromedriver                        0x0000000102703923 chromedriver + 268579
8   chromedriver                        0x00000001026dd00a chromedriver + 110602
9   chromedriver                        0x00000001026ddfc7 chromedriver + 114631
10  chromedriver                        0x00000001028f8429 chromedriver + 2319401
11  chromedriver                        0x000000010290453f chromedriver + 2368831
12  chromedriver                        0x0000000102904150 chromedriver + 2367824
13  chromedriver                        0x00000001028df23b chromedriver + 2216507
14  chromedriver                        0x0000000102904a91 chromedriver + 2370193
15  chromedriver                        0x00000001028ed4f9 chromedriver + 2274553
16  chromedriver                        0x000000010291af89 chromedriver + 2461577
17  chromedriver                        0x000000010292c3b3 chromedriver + 2532275
18  libsystem_pthread.dylib             0x00007fff6e026e65 _pthread_start + 148
19  libsystem_pthread.dylib             0x00007fff6e02283b thread_start + 15
">
      <![CDATA[cucumber.runtime.CucumberException: org.openqa.selenium.SessionNotCreatedException: session not created: This version of ChromeDriver only supports Chrome version 87
Current browser version is 91.0.4472.77 with binary path /Applications/Google Chrome.app/Contents/MacOS/Google Chrome
Build info: version: '3.141.59', revision: 'e82be7d358', time: '2018-11-14T08:17:03'
System info: host: 'Suhass-MacBook-Air.local', ip: 'fe80:0:0:0:102d:a6f9:a22f:2dd6%en0', os.name: 'Mac OS X', os.arch: 'x86_64', os.version: '10.15.3', java.version: '1.8.0_202'
Driver info: driver.version: ChromeDriver
remote stacktrace: 0   chromedriver                        0x0000000102926d79 chromedriver + 2510201
1   chromedriver                        0x0000000102f93743 chromedriver + 9246531
2   chromedriver                        0x0000000102761623 chromedriver + 652835
3   chromedriver                        0x00000001026dabd7 chromedriver + 101335
4   chromedriver                        0x00000001026d6d87 chromedriver + 85383
5   chromedriver                        0x00000001026d3f8f chromedriver + 73615
6   chromedriver                        0x0000000102708b44 chromedriver + 289604
7   chromedriver                        0x0000000102703923 chromedriver + 268579
8   chromedriver                        0x00000001026dd00a chromedriver + 110602
9   chromedriver                        0x00000001026ddfc7 chromedriver + 114631
10  chromedriver                        0x00000001028f8429 chromedriver + 2319401
11  chromedriver                        0x000000010290453f chromedriver + 2368831
12  chromedriver                        0x0000000102904150 chromedriver + 2367824
13  chromedriver                        0x00000001028df23b chromedriver + 2216507
14  chromedriver                        0x0000000102904a91 chromedriver + 2370193
15  chromedriver                        0x00000001028ed4f9 chromedriver + 2274553
16  chromedriver                        0x000000010291af89 chromedriver + 2461577
17  chromedriver                        0x000000010292c3b3 chromedriver + 2532275
18  libsystem_pthread.dylib             0x00007fff6e026e65 _pthread_start + 148
19  libsystem_pthread.dylib             0x00007fff6e02283b thread_start + 15

at cucumber.api.testng.TestNGCucumberRunner.runCucumber(TestNGCucumberRunner.java:69)
at cucumber.api.testng.AbstractTestNGCucumberTests.feature(AbstractTestNGCucumberTests.java:21)
at sun.reflect.NativeMethodAccessorImpl.invoke0(Native Method)
at sun.reflect.NativeMethodAccessorImpl.invoke(NativeMethodAccessorImpl.java:62)
at sun.reflect.DelegatingMethodAccessorImpl.invoke(DelegatingMethodAccessorImpl.java:43)
at java.lang.reflect.Method.invoke(Method.java:498)
at org.testng.internal.MethodInvocationHelper.invokeMethod(MethodInvocationHelper.java:132)
at org.testng.internal.TestInvoker.invokeMethod(TestInvoker.java:599)
at org.testng.internal.TestInvoker.invokeTestMethod(TestInvoker.java:174)
at org.testng.internal.MethodRunner.runInSequence(MethodRunner.java:46)
at org.testng.internal.TestInvoker$MethodInvocationAgent.invoke(TestInvoker.java:822)
at org.testng.internal.TestInvoker.invokeTestMethods(TestInvoker.java:147)
at org.testng.internal.TestMethodWorker.invokeTestMethods(TestMethodWorker.java:146)
at org.testng.internal.TestMethodWorker.run(TestMethodWorker.java:128)
at java.util.ArrayList.forEach(ArrayList.java:1257)
at org.testng.TestRunner.privateRun(TestRunner.java:764)
at org.testng.TestRunner.run(TestRunner.java:585)
at org.testng.SuiteRunner.runTest(SuiteRunner.java:384)
at org.testng.SuiteRunner.runSequentially(SuiteRunner.java:378)
at org.testng.SuiteRunner.privateRun(SuiteRunner.java:337)
at org.testng.SuiteRunner.run(SuiteRunner.java:286)
at org.testng.SuiteRunnerWorker.runSuite(SuiteRunnerWorker.java:53)
at org.testng.SuiteRunnerWorker.run(SuiteRunnerWorker.java:96)
at org.testng.TestNG.runSuitesSequentially(TestNG.java:1218)
at org.testng.TestNG.runSuitesLocally(TestNG.java:1140)
at org.testng.TestNG.runSuites(TestNG.java:1069)
at org.testng.TestNG.run(TestNG.java:1037)
at org.testng.remote.AbstractRemoteTestNG.run(AbstractRemoteTestNG.java:115)
at org.testng.remote.RemoteTestNG.initAndRun(RemoteTestNG.java:251)
at org.testng.remote.RemoteTestNG.main(RemoteTestNG.java:77)
Caused by: org.openqa.selenium.SessionNotCreatedException: session not created: This version of ChromeDriver only supports Chrome version 87
Current browser version is 91.0.4472.77 with binary path /Applications/Google Chrome.app/Contents/MacOS/Google Chrome
Build info: version: '3.141.59', revision: 'e82be7d358', time: '2018-11-14T08:17:03'
System info: host: 'Suhass-MacBook-Air.local', ip: 'fe80:0:0:0:102d:a6f9:a22f:2dd6%en0', os.name: 'Mac OS X', os.arch: 'x86_64', os.version: '10.15.3', java.version: '1.8.0_202'
Driver info: driver.version: ChromeDriver
remote stacktrace: 0   chromedriver                        0x0000000102926d79 chromedriver + 2510201
1   chromedriver                        0x0000000102f93743 chromedriver + 9246531
2   chromedriver                        0x0000000102761623 chromedriver + 652835
3   chromedriver                        0x00000001026dabd7 chromedriver + 101335
4   chromedriver                        0x00000001026d6d87 chromedriver + 85383
5   chromedriver                        0x00000001026d3f8f chromedriver + 73615
6   chromedriver                        0x0000000102708b44 chromedriver + 289604
7   chromedriver                        0x0000000102703923 chromedriver + 268579
8   chromedriver                        0x00000001026dd00a chromedriver + 110602
9   chromedriver                        0x00000001026ddfc7 chromedriver + 114631
10  chromedriver                        0x00000001028f8429 chromedriver + 2319401
11  chromedriver                        0x000000010290453f chromedriver + 2368831
12  chromedriver                        0x0000000102904150 chromedriver + 2367824
13  chromedriver                        0x00000001028df23b chromedriver + 2216507
14  chromedriver                        0x0000000102904a91 chromedriver + 2370193
15  chromedriver                        0x00000001028ed4f9 chromedriver + 2274553
16  chromedriver                        0x000000010291af89 chromedriver + 2461577
17  chromedriver                        0x000000010292c3b3 chromedriver + 2532275
18  libsystem_pthread.dylib             0x00007fff6e026e65 _pthread_start + 148
19  libsystem_pthread.dylib             0x00007fff6e02283b thread_start + 15

at sun.reflect.NativeConstructorAccessorImpl.newInstance0(Native Method)
at sun.reflect.NativeConstructorAccessorImpl.newInstance(NativeConstructorAccessorImpl.java:62)
at sun.reflect.DelegatingConstructorAccessorImpl.newInstance(DelegatingConstructorAccessorImpl.java:45)
at java.lang.reflect.Constructor.newInstance(Constructor.java:423)
at org.openqa.selenium.remote.W3CHandshakeResponse.lambda$errorHandler$0(W3CHandshakeResponse.java:62)
at org.openqa.selenium.remote.HandshakeResponse.lambda$getResponseFunction$0(HandshakeResponse.java:30)
at org.openqa.selenium.remote.ProtocolHandshake.lambda$createSession$0(ProtocolHandshake.java:126)
at java.util.stream.ReferencePipeline$3$1.accept(ReferencePipeline.java:193)
at java.util.Spliterators$ArraySpliterator.tryAdvance(Spliterators.java:958)
at java.util.stream.ReferencePipeline.forEachWithCancel(ReferencePipeline.java:126)
at java.util.stream.AbstractPipeline.copyIntoWithCancel(AbstractPipeline.java:498)
at java.util.stream.AbstractPipeline.copyInto(AbstractPipeline.java:485)
at java.util.stream.AbstractPipeline.wrapAndCopyInto(AbstractPipeline.java:471)
at java.util.stream.FindOps$FindOp.evaluateSequential(FindOps.java:152)
at java.util.stream.AbstractPipeline.evaluate(AbstractPipeline.java:234)
at java.util.stream.ReferencePipeline.findFirst(ReferencePipeline.java:464)
at org.openqa.selenium.remote.ProtocolHandshake.createSession(ProtocolHandshake.java:128)
at org.openqa.selenium.remote.ProtocolHandshake.createSession(ProtocolHandshake.java:74)
at org.openqa.selenium.remote.HttpCommandExecutor.execute(HttpCommandExecutor.java:136)
at org.openqa.selenium.remote.service.DriverCommandExecutor.execute(DriverCommandExecutor.java:83)
at org.openqa.selenium.remote.RemoteWebDriver.execute(RemoteWebDriver.java:552)
at org.openqa.selenium.remote.RemoteWebDriver.startSession(RemoteWebDriver.java:213)
at org.openqa.selenium.remote.RemoteWebDriver.<init>(RemoteWebDriver.java:131)
at org.openqa.selenium.chrome.ChromeDriver.<init>(ChromeDriver.java:181)
at org.openqa.selenium.chrome.ChromeDriver.<init>(ChromeDriver.java:168)
at org.openqa.selenium.chrome.ChromeDriver.<init>(ChromeDriver.java:123)
at com.BDD.StepDef.SmokeTest.everyTime(SmokeTest.java:32)
at sun.reflect.NativeMethodAccessorImpl.invoke0(Native Method)
at sun.reflect.NativeMethodAccessorImpl.invoke(NativeMethodAccessorImpl.java:62)
at sun.reflect.DelegatingMethodAccessorImpl.invoke(DelegatingMethodAccessorImpl.java:43)
at java.lang.reflect.Method.invoke(Method.java:498)
at cucumber.runtime.Utils$1.call(Utils.java:40)
at cucumber.runtime.Timeout.timeout(Timeout.java:16)
at cucumber.runtime.Utils.invoke(Utils.java:34)
at cucumber.runtime.java.JavaHookDefinition.execute(JavaHookDefinition.java:60)
at cucumber.runtime.Runtime.runHookIfTagsMatch(Runtime.java:224)
at cucumber.runtime.Runtime.runHooks(Runtime.java:212)
at cucumber.runtime.Runtime.runBeforeHooks(Runtime.java:202)
at cucumber.runtime.model.CucumberScenario.run(CucumberScenario.java:40)
at cucumber.runtime.model.CucumberScenarioOutline.run(CucumberScenarioOutline.java:46)
at cucumber.runtime.model.CucumberFeature.run(CucumberFeature.java:165)
at cucumber.api.testng.TestNGCucumberRunner.runCucumber(TestNGCucumberRunner.java:63)
... 29 more
]]>
    </error>
  </testcase> <!-- feature -->
  <system-out/>
</testsuite> <!-- com.BDD.Runner.CucumberRunner -->
